<?xml version="1.0" ?>
<coverage branch-rate="0" branches-covered="0" branches-valid="0" complexity="0" line-rate="0" lines-covered="0" lines-valid="159" timestamp="1608658605197" version="5.3">
	<!-- Generated by coverage.py: https://coverage.readthedocs.io -->
	<!-- Based on https://raw.githubusercontent.com/cobertura/web/master/htdocs/xml/coverage-04.dtd -->
	<sources>
		<source>C:\Users\Kathy\Documents\Github\shop-poc\tests</source>
	</sources>
	<packages>
		<package branch-rate="0" complexity="0" line-rate="0" name=".">
			<classes>
				<class branch-rate="0" complexity="0" filename="__init__.py" line-rate="1" name="__init__.py">
					<methods/>
					<lines/>
				</class>
				<class branch-rate="0" complexity="0" filename="map.py" line-rate="0" name="map.py">
					<methods/>
					<lines>
						<line hits="0" number="2"/>
						<line hits="0" number="11"/>
						<line hits="0" number="15"/>
						<line hits="0" number="18"/>
						<line hits="0" number="19"/>
						<line hits="0" number="20"/>
						<line hits="0" number="22"/>
						<line hits="0" number="25"/>
						<line hits="0" number="28"/>
						<line hits="0" number="29"/>
						<line hits="0" number="30"/>
						<line hits="0" number="32"/>
						<line hits="0" number="35"/>
						<line hits="0" number="38"/>
						<line hits="0" number="39"/>
						<line hits="0" number="40"/>
						<line hits="0" number="42"/>
						<line hits="0" number="46"/>
						<line hits="0" number="59"/>
						<line hits="0" number="60"/>
						<line hits="0" number="61"/>
						<line hits="0" number="62"/>
						<line hits="0" number="65"/>
						<line hits="0" number="66"/>
						<line hits="0" number="69"/>
					</lines>
				</class>
				<class branch-rate="0" complexity="0" filename="testDatabase.py" line-rate="0" name="testDatabase.py">
					<methods/>
					<lines>
						<line hits="0" number="1"/>
						<line hits="0" number="2"/>
						<line hits="0" number="3"/>
						<line hits="0" number="5"/>
						<line hits="0" number="6"/>
						<line hits="0" number="9"/>
						<line hits="0" number="13"/>
						<line hits="0" number="14"/>
						<line hits="0" number="16"/>
						<line hits="0" number="17"/>
						<line hits="0" number="18"/>
						<line hits="0" number="20"/>
						<line hits="0" number="23"/>
						<line hits="0" number="29"/>
						<line hits="0" number="30"/>
						<line hits="0" number="31"/>
						<line hits="0" number="34"/>
						<line hits="0" number="37"/>
						<line hits="0" number="38"/>
						<line hits="0" number="39"/>
						<line hits="0" number="44"/>
						<line hits="0" number="45"/>
						<line hits="0" number="47"/>
						<line hits="0" number="48"/>
						<line hits="0" number="50"/>
						<line hits="0" number="53"/>
						<line hits="0" number="57"/>
						<line hits="0" number="59"/>
						<line hits="0" number="60"/>
						<line hits="0" number="61"/>
						<line hits="0" number="62"/>
						<line hits="0" number="65"/>
						<line hits="0" number="67"/>
						<line hits="0" number="68"/>
						<line hits="0" number="69"/>
						<line hits="0" number="70"/>
						<line hits="0" number="72"/>
						<line hits="0" number="74"/>
						<line hits="0" number="75"/>
						<line hits="0" number="77"/>
						<line hits="0" number="80"/>
						<line hits="0" number="84"/>
						<line hits="0" number="85"/>
						<line hits="0" number="86"/>
						<line hits="0" number="88"/>
						<line hits="0" number="89"/>
						<line hits="0" number="91"/>
						<line hits="0" number="94"/>
						<line hits="0" number="99"/>
						<line hits="0" number="100"/>
						<line hits="0" number="101"/>
						<line hits="0" number="102"/>
						<line hits="0" number="104"/>
						<line hits="0" number="105"/>
						<line hits="0" number="106"/>
						<line hits="0" number="107"/>
						<line hits="0" number="109"/>
						<line hits="0" number="111"/>
						<line hits="0" number="112"/>
						<line hits="0" number="114"/>
						<line hits="0" number="117"/>
						<line hits="0" number="120"/>
						<line hits="0" number="121"/>
						<line hits="0" number="122"/>
						<line hits="0" number="123"/>
						<line hits="0" number="125"/>
						<line hits="0" number="127"/>
						<line hits="0" number="128"/>
						<line hits="0" number="130"/>
						<line hits="0" number="133"/>
						<line hits="0" number="138"/>
						<line hits="0" number="139"/>
						<line hits="0" number="140"/>
						<line hits="0" number="141"/>
						<line hits="0" number="143"/>
						<line hits="0" number="145"/>
						<line hits="0" number="146"/>
						<line hits="0" number="148"/>
						<line hits="0" number="151"/>
						<line hits="0" number="152"/>
						<line hits="0" number="153"/>
						<line hits="0" number="154"/>
						<line hits="0" number="155"/>
						<line hits="0" number="156"/>
						<line hits="0" number="157"/>
					</lines>
				</class>
				<class branch-rate="0" complexity="0" filename="testInit.py" line-rate="0" name="testInit.py">
					<methods/>
					<lines>
						<line hits="0" number="2"/>
						<line hits="0" number="3"/>
						<line hits="0" number="4"/>
						<line hits="0" number="5"/>
						<line hits="0" number="6"/>
						<line hits="0" number="10"/>
						<line hits="0" number="14"/>
						<line hits="0" number="22"/>
						<line hits="0" number="26"/>
						<line hits="0" number="27"/>
						<line hits="0" number="28"/>
						<line hits="0" number="30"/>
						<line hits="0" number="36"/>
						<line hits="0" number="45"/>
						<line hits="0" number="46"/>
						<line hits="0" number="47"/>
						<line hits="0" number="48"/>
						<line hits="0" number="49"/>
						<line hits="0" number="50"/>
						<line hits="0" number="54"/>
						<line hits="0" number="58"/>
						<line hits="0" number="59"/>
						<line hits="0" number="60"/>
						<line hits="0" number="62"/>
						<line hits="0" number="66"/>
						<line hits="0" number="75"/>
						<line hits="0" number="76"/>
						<line hits="0" number="78"/>
						<line hits="0" number="83"/>
						<line hits="0" number="87"/>
						<line hits="0" number="88"/>
						<line hits="0" number="89"/>
						<line hits="0" number="91"/>
						<line hits="0" number="97"/>
						<line hits="0" number="99"/>
						<line hits="0" number="104"/>
						<line hits="0" number="105"/>
						<line hits="0" number="109"/>
						<line hits="0" number="110"/>
						<line hits="0" number="114"/>
						<line hits="0" number="115"/>
						<line hits="0" number="116"/>
						<line hits="0" number="117"/>
						<line hits="0" number="119"/>
						<line hits="0" number="124"/>
						<line hits="0" number="125"/>
						<line hits="0" number="126"/>
						<line hits="0" number="127"/>
						<line hits="0" number="130"/>
					</lines>
				</class>
			</classes>
		</package>
	</packages>
</coverage>
